<?xml version="1.0" encoding="UTF-8"?>
<!-- Generated by org.testng.reporters.JUnitReportReporter -->
<testsuite hostname="DESKTOP-5B09V89" failures="0" tests="6" name="testCases.TC003_LoginTestDDT" time="53.670" errors="0" timestamp="2025-06-25T15:09:18 IST" skipped="0">
  <testcase classname="testCases.TC003_LoginTestDDT" name="Verify_LoginDDT" time="11.775"/>
  <testcase classname="testCases.TC003_LoginTestDDT" name="Verify_LoginDDT" time="11.019"/>
  <testcase classname="testCases.TC003_LoginTestDDT" name="Verify_LoginDDT" time="11.787"/>
  <testcase classname="testCases.TC003_LoginTestDDT" name="Verify_LoginDDT" time="12.052"/>
  <testcase classname="testCases.TC003_LoginTestDDT" name="Verify_LoginDDT" time="4.340"/>
  <testcase classname="testCases.TC003_LoginTestDDT" name="Verify_LoginDDT" time="2.697"/>
</testsuite> <!-- testCases.TC003_LoginTestDDT -->
