<?xml version="1.0" encoding="UTF-8"?>
<!-- Generated by org.testng.reporters.JUnitReportReporter -->
<testsuite hostname="DESKTOP-5B09V89" failures="0" tests="1" name="testCases.TC002_LoginTest" time="2.326" errors="0" timestamp="2025-06-25T16:11:21 IST" skipped="0">
  <testcase classname="testCases.TC002_LoginTest" name="VerifyLogin" time="2.326"/>
</testsuite> <!-- testCases.TC002_LoginTest -->
