<?xml version="1.0" encoding="UTF-8"?>
<!-- Generated by org.testng.reporters.JUnitReportReporter -->
<testsuite hostname="DESKTOP-5B09V89" failures="0" tests="1" name="testCases.TC001_AccountRegistrationTest" time="3.345" errors="0" timestamp="2025-06-25T15:12:31 IST" skipped="0">
  <testcase classname="testCases.TC001_AccountRegistrationTest" name="verify_Account_Registration" time="3.345"/>
</testsuite> <!-- testCases.TC001_AccountRegistrationTest -->
