<?xml version="1.0" encoding="UTF-8"?>
<!-- Generated by org.testng.reporters.JUnitReportReporter -->
<testsuite hostname="DESKTOP-5B09V89" failures="0" tests="1" name="testCases.TC002_LoginTest" time="2.192" errors="0" timestamp="2025-06-29T06:46:39 IST" skipped="0">
  <testcase classname="testCases.TC002_LoginTest" name="VerifyLogin" time="2.192"/>
</testsuite> <!-- testCases.TC002_LoginTest -->
