<?xml version="1.0" encoding="UTF-8"?>
<!-- Generated by org.testng.reporters.JUnitReportReporter -->
<testsuite hostname="DESKTOP-5B09V89" failures="0" tests="6" name="testCases.TC003_LoginTestDDT" time="49.859" errors="0" timestamp="2025-06-29T06:46:39 IST" skipped="0">
  <testcase classname="testCases.TC003_LoginTestDDT" name="Verify_LoginDDT" time="10.856"/>
  <testcase classname="testCases.TC003_LoginTestDDT" name="Verify_LoginDDT" time="10.852"/>
  <testcase classname="testCases.TC003_LoginTestDDT" name="Verify_LoginDDT" time="12.057"/>
  <testcase classname="testCases.TC003_LoginTestDDT" name="Verify_LoginDDT" time="2.417"/>
  <testcase classname="testCases.TC003_LoginTestDDT" name="Verify_LoginDDT" time="2.691"/>
  <testcase classname="testCases.TC003_LoginTestDDT" name="Verify_LoginDDT" time="10.986"/>
</testsuite> <!-- testCases.TC003_LoginTestDDT -->
