<?xml version="1.0" encoding="UTF-8"?>
<!-- Generated by org.testng.reporters.JUnitReportReporter -->
<testsuite hostname="DESKTOP-5B09V89" failures="0" tests="1" name="testCases.TC001_AccountRegistrationTest" time="4.602" errors="0" timestamp="2025-07-01T06:24:09 IST" skipped="0">
  <testcase classname="testCases.TC001_AccountRegistrationTest" name="verify_Account_Registration" time="4.602"/>
</testsuite> <!-- testCases.TC001_AccountRegistrationTest -->
